<?xml version="1.0" encoding="UTF-8"?>
<!-- Generated by org.testng.reporters.JUnitReportReporter -->
<testsuite hostname="SHASHANK" name="com.qa.testcases.HomePageTest" tests="3" failures="0" timestamp="20 Oct 2019 15:24:38 GMT" time="106.721" errors="0">
  <testcase name="VarifyHomePage" time="39.296" classname="com.qa.testcases.HomePageTest"/>
  <testcase name="varifyDealsbtn" time="31.209" classname="com.qa.testcases.HomePageTest"/>
  <testcase name="varifycontactsbtn" time="36.216" classname="com.qa.testcases.HomePageTest"/>
</testsuite> <!-- com.qa.testcases.HomePageTest -->
