<?xml version="1.0" encoding="UTF-8"?>
<!-- Generated by org.testng.reporters.JUnitReportReporter -->
<testsuite hostname="SHASHANK" name="com.framework.hybrid.Projectrun" tests="1" failures="0" timestamp="23 Sep 2019 08:36:24 GMT" time="61.426" errors="0">
  <testcase name="print" time="61.426" classname="com.framework.hybrid.Projectrun"/>
</testsuite> <!-- com.framework.hybrid.Projectrun -->
