<?xml version="1.0" encoding="UTF-8"?>
<!-- Generated by org.testng.reporters.JUnitReportReporter -->
<testsuite hostname="SHASHANK" name="com.qa.testcases.LoginPageTest" tests="2" failures="0" timestamp="20 Oct 2019 15:24:38 GMT" time="62.668" errors="0">
  <testcase name="logintest" time="36.742" classname="com.qa.testcases.LoginPageTest"/>
  <testcase name="logotest" time="25.926" classname="com.qa.testcases.LoginPageTest"/>
</testsuite> <!-- com.qa.testcases.LoginPageTest -->
